============================================================

[2026-03-14 02:30 AM ET] Fetching market data…
  Discovering active 15M slugs…
  Active slugs: {"BTC":"btc-updown-15m-1773555300","XRP":"xrp-updown-15m-1773555300","SOL":"sol-updown-15m-1773555300","ETH":"eth-updown-15m-1773555300"}
  BTC (btc-updown-15m-1773555300)…
    ✓ UP=0.5 DOWN=0.5 elapsed=0.0% HighVol+Range
  ETH (eth-updown-15m-1773555300)…
    ✓ UP=0.5 DOWN=0.5 elapsed=0.0% HighVol+Range
  SOL (sol-updown-15m-1773555300)…
    ✓ UP=0.5 DOWN=0.5 elapsed=0.0% HighVol+Range
  XRP (xrp-updown-15m-1773555300)…
    ✓ UP=0.5 DOWN=0.5 elapsed=0.0% HighVol+Range

Updating data files…
  signals: 0 generated — {}
Generating reports…
Committing and pushing…
To https://github.com/Cyberdude01/Bob.git
   8a39620d2..340372c6c  main -> main
  ✓ Pushed to origin/main
Done — 2026-03-14 02:30 AM ET

============================================================

[2026-03-14 02:35 AM ET] Fetching market data…
  Discovering active 15M slugs…
  Active slugs: {"BTC":"btc-updown-15m-1773469800","ETH":"eth-updown-15m-1773469800","SOL":"sol-updown-15m-1773469800","XRP":"xrp-updown-15m-1773469800"}
  BTC (btc-updown-15m-1773469800)…
    ✓ UP=0.695 DOWN=0.305 elapsed=33.6% HighVol+Trend
  ETH (eth-updown-15m-1773469800)…
    ✓ UP=0.545 DOWN=0.455 elapsed=33.6% HighVol+Range
  SOL (sol-updown-15m-1773469800)…
    ✓ UP=0.555 DOWN=0.445 elapsed=33.6% HighVol+Range
  XRP (xrp-updown-15m-1773469800)…
    ✓ UP=0.51 DOWN=0.49 elapsed=33.6% HighVol+Range

Updating data files…
  signals: 0 generated — {}
Generating reports…
Committing and pushing…
To https://github.com/Cyberdude01/Bob.git
   340372c6c..6bad1f837  main -> main
  ✓ Pushed to origin/main
Done — 2026-03-14 02:35 AM ET

============================================================

[2026-03-14 02:40 AM ET] Fetching market data…
  Discovering active 15M slugs…
  Active slugs: {"BTC":"btc-updown-15m-1773469800","ETH":"eth-updown-15m-1773469800","SOL":"sol-updown-15m-1773469800","XRP":"xrp-updown-15m-1773469800"}
  BTC (btc-updown-15m-1773469800)…
    ✓ UP=0.305 DOWN=0.695 elapsed=66.9% HighVol+Range
  ETH (eth-updown-15m-1773469800)…
    ✓ UP=0.07 DOWN=0.93 elapsed=66.9% HighVol+Trend
  SOL (sol-updown-15m-1773469800)…
    ✓ UP=0.255 DOWN=0.745 elapsed=66.9% HighVol+Range
  XRP (xrp-updown-15m-1773469800)…
    ✓ UP=0.425 DOWN=0.575 elapsed=66.9% HighVol+Range

Updating data files…
  signals: 1 generated — {"trend_follow":1}
Generating reports…
Committing and pushing…
